-2.0011.00-6.00
-2.009.0014.00
-6.0021.00-8.00
-8.00-9.0014.00
2.0011.0012.00
-4.005.0022.00
2.0015.0012.00
12.00-1.00-14.00
-2.0011.008.00
8.00-5.00-2.00
-6.00-1.000.00
18.00-19.0010.00
8.00-15.00-6.00
8.00-3.00-10.00
0.00-3.002.00
-2.00-17.00-2.00
-4.00-11.00-6.00
16.001.00-18.00
6.00-7.00-2.00
-4.00-11.00-2.00
0.00-3.006.00
-6.00-13.00-24.00
-6.005.00-8.00
4.00-11.00-26.00
2.00-11.00-2.00
-4.001.00-16.00
-4.0017.0028.00
16.00-9.002.00
-6.007.0010.00
-8.00-13.008.00
-8.0027.00-2.00
2.00-13.00-4.00
-8.005.0020.00
6.003.00-2.00
0.00-1.00-18.00
-10.00-3.0022.00
-6.001.004.00
0.00-23.00-14.00
6.0021.00-4.00
10.005.0018.00
2.001.00-20.00
2.00-11.00-10.00
0.00-23.002.00
2.00-9.004.00
14.00-1.002.00
-12.00-5.006.00
-8.0011.0010.00
-6.009.00-2.00
-6.0013.00-4.00
0.00-13.0010.00
4.00-13.008.00
-6.00-7.00-32.00
-6.009.00-6.00
-2.00-1.002.00
6.00-15.00-10.00
-4.00-9.00-2.00
-8.00-15.006.00
-6.00-7.0024.00
-2.003.00-6.00
-8.00-1.006.00
0.00-17.0010.00
4.0011.00-30.00
2.00-1.000.00
10.003.0032.00
10.00-11.00-12.00
6.00-5.00-28.00
8.001.0016.00
-8.00-5.006.00
12.0019.00-18.00
-2.00-1.00-2.00
0.009.008.00
4.00-11.006.00
-16.0015.00-14.00
4.005.0018.00
2.009.00-32.00
0.005.00-6.00
18.001.0010.00
4.00-7.0032.00
10.0011.00-8.00
-2.00-9.006.00
-6.00-3.0020.00
6.001.00-10.00
8.0019.004.00
10.00-5.000.00
-10.005.00-22.00
-2.001.0016.00
-8.00-5.00-8.00
-8.00-7.0012.00
10.005.00-6.00
2.00-1.006.00
-4.0011.00-8.00
-4.001.008.00
2.00-11.006.00
10.00-9.006.00
4.00-15.00-22.00
-2.00-3.0022.00
-2.00-9.006.00
4.00-1.00-6.00
-4.0019.00-8.00
-10.001.00-6.00
6.009.002.00
6.00-7.00-6.00
12.00-1.00-4.00
-14.00-5.0032.00
10.003.00-12.00
0.0017.00-20.00
18.00-9.0020.00
-10.00-9.006.00
14.0017.00-8.00
-10.007.0012.00
4.00-7.0010.00
8.00-9.000.00
-8.00-11.000.00
-10.00-9.004.00
2.00-3.0012.00
-2.007.00-16.00
-4.003.0018.00
-6.0019.006.00
-4.001.0010.00
-6.005.00-6.00
6.00-3.0010.00
2.0025.0012.00
-4.00-7.00-26.00
-18.00-1.0018.00
-2.00-11.004.00
0.00-3.00-18.00
6.009.0016.00
0.00-7.00-28.00
8.003.000.00
0.00-5.006.00
-2.009.004.00
4.0013.004.00
0.001.00-20.00
10.00-21.004.00
6.00-11.00-16.00
8.00-9.00-20.00
-16.00-1.008.00
10.00-7.000.00
6.00-11.00-14.00
8.0011.00-4.00
-4.007.0028.00
12.003.00-32.00
-2.00-7.002.00
6.00-9.0012.00
14.007.006.00
6.00-5.00-24.00
0.00-9.0028.00
4.003.00-4.00
20.001.00-12.00
8.007.0014.00
-12.00-7.0018.00
0.00-5.00-18.00
14.0019.004.00
0.001.008.00
4.001.00-10.00
10.007.00-16.00
0.003.002.00
4.00-17.0026.00
10.0013.00-20.00
-4.007.000.00
2.00-3.0018.00
4.00-7.000.00
18.001.00-14.00
20.007.0028.00
-14.001.004.00
0.00-5.00-14.00
4.001.004.00
-14.00-7.00-10.00
-2.0013.00-12.00
-8.00-11.00-4.00
4.007.0020.00
12.0013.00-18.00
-10.001.00-22.00
12.00-5.0012.00
10.00-5.00-22.00
0.0011.00-8.00
20.003.004.00
-6.0015.004.00
8.0011.00-2.00
-4.00-3.0014.00
2.00-5.0026.00
-2.0013.00-24.00
-2.00-9.0016.00
12.00-9.004.00
-2.00-3.00-16.00
6.001.00-10.00
-8.005.00-164.00
-10.00-7.004.00
16.005.006.00
16.003.002.00
-8.005.000.00
6.0019.00-6.00
8.003.0010.00
-2.00-3.0026.00
8.009.00-14.00
12.00-9.008.00
-6.00-5.000.00
-18.00-21.00-20.00
-2.005.0010.00
-14.009.0024.00
10.003.00-8.00
0.00-5.00-8.00
0.007.0018.00
-16.003.0012.00
-8.001.00-8.00
-4.00-3.000.00
-16.00-5.008.00
0.0015.00-6.00
16.003.00-2.00
-4.00-13.0018.00
8.001.00-12.00
2.00-11.00-20.00
2.0017.004.00
-14.00-7.0014.00
6.003.00-10.00
-6.0017.0032.00
0.00-11.004.00
6.009.000.00
-14.0011.00-16.00
10.009.0018.00
-2.005.004.00
18.00-7.00-18.00
-6.007.0010.00
-4.0013.000.00
-6.005.00-12.00
-2.001.000.00
-2.0023.0010.00
12.005.00-14.00
0.0015.00-8.00
2.00-19.0018.00
18.0017.0014.00
4.00-1.006.00
2.005.0016.00
6.005.002.00
-4.0019.00-6.00
-6.00-3.008.00
10.005.004.00
10.00-7.00-8.00
0.00-3.00-12.00
-2.0013.00-4.00
24.00-11.00-26.00
2.0015.004.00
-20.00-21.0016.00
0.0021.006.00
12.0015.00-16.00
-14.00-11.004.00
-14.00-5.0010.00
4.009.00-20.00
6.0017.00-10.00
4.007.0020.00
-10.00-5.0010.00
-2.0021.00-22.00
-8.001.004.00
-10.001.00-20.00
12.001.00-26.00
-8.00-7.004.00
0.00-9.0022.00
-2.005.00-6.00
0.0013.0012.00
2.00-1.006.00
2.0011.00-16.00
4.00-11.00-2.00
4.005.006.00
8.003.00-8.00
-12.001.00-4.00
-4.00-3.006.00
-2.00-11.0010.00
-2.0017.00-30.00
-2.001.002.00
-18.00-9.0010.00
12.00-5.00-16.00
-10.00-11.0012.00
-2.0013.0014.00
0.00-5.00-16.00
2.0015.00-14.00
-6.007.0022.00
-6.00-19.004.00
-6.003.00-30.00
0.0013.00-4.00
2.007.0022.00
18.00-1.00-12.00
-2.0015.006.00
-26.00-1.0036.00
0.0013.006.00
-2.003.00-6.00
-8.00-1.008.00
-12.0017.0024.00
-6.0019.00-6.00
-2.0013.00-4.00
-8.003.0024.00
2.00-1.0010.00
10.003.00-14.00
-6.00-7.0016.00
12.00-15.004.00
0.00-21.00-28.00
-14.001.006.00
6.001.00-12.00
-2.00-5.00-10.00
8.0015.002.00
-4.003.0010.00
-10.0011.00-6.00
-12.00-7.00-8.00
-2.00-11.004.00
-6.007.00-14.00
-8.007.000.00
2.00-3.006.00
-10.007.00-10.00
4.0021.004.00
6.00-3.006.00
10.00-15.0018.00
6.009.00-12.00
10.00-21.0014.00
-2.00-3.00-18.00
-2.0011.00-22.00
6.00-9.00-2.00
-2.003.00-10.00
-10.005.00-10.00
-2.00-17.00-6.00
-2.007.0040.00
2.0013.00-26.00
4.00-9.002.00
-2.00-11.0036.00
-24.005.00-4.00
-2.00-5.00-16.00
-2.00-5.0010.00
-4.00-7.008.00
0.009.00-4.00
-2.00-3.006.00
-12.005.0012.00
2.00-1.00-18.00
-10.00-15.00-12.00
-4.00-23.0024.00
18.0013.00-20.00
-4.005.00-4.00
-10.00-5.0036.00
-8.0011.00-2.00
0.007.00-6.00
-20.0011.00-6.00
-12.00-5.0012.00
12.003.00-20.00
10.00-11.004.00
-4.00-1.000.00
-2.005.006.00
2.009.00-44.00
0.001.006.00
8.00-7.0034.00
-4.00-17.00-10.00
14.005.00-16.00
-2.00-5.0036.00
10.00-3.00-4.00
14.00-11.00-8.00
-4.00-9.00-6.00
10.00-7.0012.00
10.00-15.00-36.00
-4.003.002.00
0.001.00-10.00
0.0025.00-10.00
12.005.0018.00
2.0015.002.00
4.007.00-28.00
8.009.008.00
-6.00-7.00-4.00
-10.00-5.0024.00
-6.0011.000.00
-2.001.0042.00
4.009.004.00
-4.00-5.00-18.00
-8.005.0014.00
-6.00-17.0024.00
6.00-7.0010.00
6.00-1.00-24.00
4.007.000.00
6.00-11.00-6.00
-10.00-11.00-6.00
-4.0011.006.00
-14.007.00-18.00
8.00-3.00-42.00
-4.003.00-18.00
-2.009.0016.00
-6.001.00-24.00
6.005.00-22.00
-4.00-9.0012.00
6.00-1.00-12.00
4.00-5.00-18.00
6.00-5.002.00
2.0017.0036.00
22.007.00-24.00
-6.00-15.00-6.00
-4.00-17.0028.00
8.0013.00-8.00
0.007.004.00
-4.001.0010.00
12.001.00-10.00
2.00-13.00-4.00
-8.00-13.00-2.00
-6.00-1.0014.00
4.0015.00-6.00
0.00-5.000.00
-8.00-7.0026.00
10.00-3.00-32.00
10.00-11.00-16.00
-2.00-3.0020.00
-2.001.004.00
18.009.000.00
-8.00-17.006.00
8.00-11.004.00
4.00-1.00-10.00
-8.001.000.00
-12.00-11.006.00
6.0011.000.00
-12.00-1.00-6.00
-4.00-11.0030.00
-12.00-5.00-2.00
0.0013.004.00
4.0013.0028.00
10.0013.0028.00
-14.007.00-16.00
-16.001.008.00
-6.00-9.0022.00
10.00-9.002.00
-2.00-9.00-8.00
8.00-9.0018.00
0.0013.00-2.00
-6.00-3.00-4.00
2.005.000.00
6.0017.00-14.00
20.0017.00-24.00
4.00-9.0010.00
4.0011.008.00
0.0017.0020.00
8.00-13.004.00
-2.005.002.00
6.00-7.00-8.00
4.001.00-30.00
-12.00-5.002.00
2.00-11.00-4.00
4.0011.00-6.00
-8.003.006.00
-10.00-3.0010.00
14.007.00-30.00
-4.00-9.00-6.00
-16.00-1.008.00
4.0023.00-2.00
-8.001.008.00
2.00-7.008.00
4.007.00-18.00
4.005.00-14.00
-12.003.0020.00
0.00-9.008.00
-8.005.00-8.00
-8.00-3.0016.00
-18.005.006.00
-6.00-7.008.00
-2.0025.0016.00
-4.00-7.000.00
2.001.000.00
10.003.00-16.00
-6.00-9.006.00
-2.00-15.00-2.00
8.00-5.00-14.00
18.00-7.008.00
-6.00-9.00-6.00
2.00-3.00-26.00
10.007.0032.00
14.00-13.0012.00
2.005.00-14.00
-12.00-9.00-6.00
-4.007.0022.00
-4.00-5.00-6.00
10.0013.000.00
6.001.0032.00
6.0011.004.00
-10.0017.00-4.00
-14.00-3.0032.00
0.00-5.0024.00
0.00-7.000.00
-6.00-9.0010.00
-4.00-9.008.00
12.0013.00-4.00
2.001.00-16.00